<?xml version="1.0" encoding="UTF-8"?>
<!-- Generated by org.testng.reporters.JUnitReportReporter -->
<testsuite hostname="Nividous_PC" failures="0" tests="1" name="RestAssuredFramework.apiFramework.UsersTest" time="6.015" errors="0" timestamp="28 Mar 2022 14:37:31 GMT" skipped="0">
  <testcase classname="RestAssuredFramework.apiFramework.UsersTest" name="getUser_002" time="6.015"/>
</testsuite> <!-- RestAssuredFramework.apiFramework.UsersTest -->
